<component name="libraryTable">
  <library name="junit-junit-ijar_bed373b0">
    <CLASSES>
      <root url="jar:///private/var/tmp/_bazel_joshua/22aebc65562286236d20dbdc12ccaad6/execroot/bazel/bazel-out/darwin-fastbuild/genfiles/external/junit-junit/jar/_ijar/jar/external/junit-junit/jar/junit-junit-ijar.jar!/" />
    </CLASSES>
    <JAVADOC />
    <SOURCES />
  </library>
</component>